{"timestamp": "2025-11-11 06:57:14", "bssid": "60:32:b1:8d:2c:21", "prediction": "flooding", "features": {"deauth": 0, "disassoc": 0, "probe": 0, "beacon": 99, "assoc": 0, "uniq_assoc": 0}}
{"timestamp": "2025-11-11 06:57:14", "bssid": "dc:ea:e7:b1:4a:61", "prediction": "flooding", "features": {"deauth": 0, "disassoc": 0, "probe": 0, "beacon": 14, "assoc": 0, "uniq_assoc": 0}}
{"timestamp": "2025-11-11 06:57:14", "bssid": "80:3f:5d:6b:8a:4d", "prediction": "flooding", "features": {"deauth": 0, "disassoc": 0, "probe": 0, "beacon": 6, "assoc": 0, "uniq_assoc": 0}}
{"timestamp": "2025-11-11 06:57:24", "bssid": "60:32:b1:8d:2c:21", "prediction": "flooding", "features": {"deauth": 0, "disassoc": 0, "probe": 0, "beacon": 98, "assoc": 0, "uniq_assoc": 0}}
{"timestamp": "2025-11-11 06:57:24", "bssid": "dc:ea:e7:b1:4a:61", "prediction": "flooding", "features": {"deauth": 0, "disassoc": 0, "probe": 0, "beacon": 1, "assoc": 0, "uniq_assoc": 0}}
{"timestamp": "2025-11-11 06:57:24", "bssid": "8c:90:2d:ca:75:a2", "prediction": "flooding", "features": {"deauth": 15, "disassoc": 0, "probe": 0, "beacon": 0, "assoc": 0, "uniq_assoc": 0}}
{"timestamp": "2025-11-11 06:57:24", "bssid": "ff:ff:ff:ff:ff:ff", "prediction": "flooding", "features": {"deauth": 0, "disassoc": 0, "probe": 3, "beacon": 0, "assoc": 0, "uniq_assoc": 0}}
{"timestamp": "2025-11-11 06:57:34", "bssid": "60:32:b1:8d:2c:21", "prediction": "flooding", "features": {"deauth": 0, "disassoc": 0, "probe": 0, "beacon": 98, "assoc": 0, "uniq_assoc": 0}}
{"timestamp": "2025-11-11 06:57:34", "bssid": "dc:ea:e7:b1:4a:61", "prediction": "flooding", "features": {"deauth": 0, "disassoc": 0, "probe": 0, "beacon": 9, "assoc": 0, "uniq_assoc": 0}}
{"timestamp": "2025-11-11 06:57:34", "bssid": "80:3f:5d:6b:8a:4d", "prediction": "flooding", "features": {"deauth": 0, "disassoc": 0, "probe": 0, "beacon": 1, "assoc": 0, "uniq_assoc": 0}}
{"timestamp": "2025-11-11 09:41:59", "bssid": "54:b8:0a:4f:3a:66", "prediction": "flooding", "features": {"deauth": 9, "disassoc": 0, "probe": 3, "beacon": 104, "assoc": 0, "uniq_assoc": 0}}
{"timestamp": "2025-11-11 09:41:59", "bssid": "01:00:5e:00:00:fb", "prediction": "flooding", "features": {"deauth": 0, "disassoc": 0, "probe": 0, "beacon": 1, "assoc": 0, "uniq_assoc": 0}}
{"timestamp": "2025-11-11 09:41:59", "bssid": "33:33:00:00:00:fb", "prediction": "flooding", "features": {"deauth": 0, "disassoc": 0, "probe": 0, "beacon": 1, "assoc": 0, "uniq_assoc": 0}}
{"timestamp": "2025-11-11 09:41:59", "bssid": "00:00:00:00:00:00", "prediction": "flooding", "features": {"deauth": 7, "disassoc": 0, "probe": 0, "beacon": 21, "assoc": 0, "uniq_assoc": 0}}
{"timestamp": "2025-11-11 09:41:59", "bssid": "33:33:00:00:00:16", "prediction": "flooding", "features": {"deauth": 0, "disassoc": 0, "probe": 0, "beacon": 1, "assoc": 0, "uniq_assoc": 0}}
{"timestamp": "2025-11-11 09:41:59", "bssid": "ff:ff:ff:ff:ff:ff", "prediction": "flooding", "features": {"deauth": 0, "disassoc": 0, "probe": 9, "beacon": 0, "assoc": 0, "uniq_assoc": 0}}
{"timestamp": "2025-11-11 09:41:59", "bssid": "46:b8:0a:4f:3a:66", "prediction": "flooding", "features": {"deauth": 0, "disassoc": 0, "probe": 0, "beacon": 1, "assoc": 0, "uniq_assoc": 0}}
{"timestamp": "2025-11-11 09:41:59", "bssid": "34:f6:0a:4f:3a:66", "prediction": "flooding", "features": {"deauth": 0, "disassoc": 0, "probe": 0, "beacon": 1, "assoc": 0, "uniq_assoc": 0}}
{"timestamp": "2025-11-11 09:41:59", "bssid": "54:8c:0a:4f:3a:66", "prediction": "flooding", "features": {"deauth": 0, "disassoc": 0, "probe": 0, "beacon": 1, "assoc": 0, "uniq_assoc": 0}}
{"timestamp": "2025-11-11 09:42:17", "bssid": "54:b8:0a:4f:3a:66", "prediction": "flooding", "features": {"deauth": 0, "disassoc": 0, "probe": 0, "beacon": 164, "assoc": 1, "uniq_assoc": 1}}
{"timestamp": "2025-11-11 09:42:17", "bssid": "00:00:00:00:00:00", "prediction": "flooding", "features": {"deauth": 17, "disassoc": 0, "probe": 0, "beacon": 83, "assoc": 0, "uniq_assoc": 0}}
{"timestamp": "2025-11-11 09:42:17", "bssid": "ff:ff:ff:ff:ff:ff", "prediction": "flooding", "features": {"deauth": 0, "disassoc": 0, "probe": 9, "beacon": 0, "assoc": 0, "uniq_assoc": 0}}
{"timestamp": "2025-11-11 09:42:17", "bssid": "14:9d:0a:4f:3a:66", "prediction": "flooding", "features": {"deauth": 0, "disassoc": 0, "probe": 0, "beacon": 1, "assoc": 0, "uniq_assoc": 0}}
{"timestamp": "2025-11-11 09:42:17", "bssid": "54:b8:0a:4f:3a:36", "prediction": "flooding", "features": {"deauth": 0, "disassoc": 0, "probe": 0, "beacon": 1, "assoc": 0, "uniq_assoc": 0}}
{"timestamp": "2025-11-11 09:42:17", "bssid": "54:b8:92:36:ad:66", "prediction": "flooding", "features": {"deauth": 0, "disassoc": 0, "probe": 0, "beacon": 1, "assoc": 0, "uniq_assoc": 0}}
{"timestamp": "2025-11-11 09:42:17", "bssid": "54:b8:79:4d:3a:66", "prediction": "flooding", "features": {"deauth": 0, "disassoc": 0, "probe": 0, "beacon": 1, "assoc": 0, "uniq_assoc": 0}}
{"timestamp": "2025-11-11 09:42:17", "bssid": "ba:ea:53:8a:56:bf", "prediction": "flooding", "features": {"deauth": 0, "disassoc": 0, "probe": 0, "beacon": 1, "assoc": 0, "uniq_assoc": 0}}
{"timestamp": "2025-11-11 09:42:17", "bssid": "54:b8:0a:2f:e4:6f", "prediction": "flooding", "features": {"deauth": 0, "disassoc": 0, "probe": 0, "beacon": 1, "assoc": 0, "uniq_assoc": 0}}
{"timestamp": "2025-11-11 09:42:17", "bssid": "54:b8:0a:e7:44:31", "prediction": "flooding", "features": {"deauth": 0, "disassoc": 0, "probe": 0, "beacon": 1, "assoc": 0, "uniq_assoc": 0}}
{"timestamp": "2025-11-11 09:42:17", "bssid": "57:b8:0a:4f:3a:66", "prediction": "flooding", "features": {"deauth": 0, "disassoc": 0, "probe": 0, "beacon": 1, "assoc": 0, "uniq_assoc": 0}}
{"timestamp": "2025-11-11 09:42:17", "bssid": "54:b8:0a:83:01:14", "prediction": "flooding", "features": {"deauth": 0, "disassoc": 0, "probe": 0, "beacon": 1, "assoc": 0, "uniq_assoc": 0}}
{"timestamp": "2025-11-11 09:42:27", "bssid": "ff:ff:ff:ff:ff:ff", "prediction": "flooding", "features": {"deauth": 0, "disassoc": 0, "probe": 6, "beacon": 0, "assoc": 0, "uniq_assoc": 0}}
{"timestamp": "2025-11-11 09:42:37", "bssid": "ff:ff:ff:ff:ff:ff", "prediction": "flooding", "features": {"deauth": 0, "disassoc": 0, "probe": 9, "beacon": 0, "assoc": 0, "uniq_assoc": 0}}
{"timestamp": "2025-11-11 09:42:47", "bssid": "ff:ff:ff:ff:ff:ff", "prediction": "flooding", "features": {"deauth": 0, "disassoc": 0, "probe": 7, "beacon": 0, "assoc": 0, "uniq_assoc": 0}}
{"timestamp": "2025-11-11 09:42:58", "bssid": "e2:55:a8:06:7e:ea", "prediction": "flooding", "features": {"deauth": 0, "disassoc": 0, "probe": 12, "beacon": 6, "assoc": 0, "uniq_assoc": 0}}
{"timestamp": "2025-11-11 09:42:58", "bssid": "e4:55:a8:06:7e:ea", "prediction": "flooding", "features": {"deauth": 0, "disassoc": 0, "probe": 0, "beacon": 6, "assoc": 0, "uniq_assoc": 0}}
{"timestamp": "2025-11-11 09:42:59", "bssid": "ee:55:a8:06:7e:ea", "prediction": "flooding", "features": {"deauth": 0, "disassoc": 0, "probe": 0, "beacon": 6, "assoc": 0, "uniq_assoc": 0}}
{"timestamp": "2025-11-11 09:42:59", "bssid": "da:55:a8:06:7e:ea", "prediction": "flooding", "features": {"deauth": 0, "disassoc": 0, "probe": 0, "beacon": 6, "assoc": 0, "uniq_assoc": 0}}
{"timestamp": "2025-11-11 09:42:59", "bssid": "28:11:a8:e8:22:ea", "prediction": "flooding", "features": {"deauth": 0, "disassoc": 0, "probe": 0, "beacon": 0, "assoc": 1, "uniq_assoc": 1}}
{"timestamp": "2025-11-11 09:42:59", "bssid": "04:e8:b9:b3:45:9d", "prediction": "flooding", "features": {"deauth": 0, "disassoc": 0, "probe": 0, "beacon": 0, "assoc": 3, "uniq_assoc": 1}}
{"timestamp": "2025-11-11 09:42:59", "bssid": "00:00:00:00:00:00", "prediction": "flooding", "features": {"deauth": 66, "disassoc": 0, "probe": 0, "beacon": 0, "assoc": 2, "uniq_assoc": 2}}
{"timestamp": "2025-11-11 09:42:59", "bssid": "c8:12:0b:a9:81:8d", "prediction": "flooding", "features": {"deauth": 0, "disassoc": 0, "probe": 0, "beacon": 0, "assoc": 1, "uniq_assoc": 1}}
{"timestamp": "2025-11-11 09:42:59", "bssid": "ff:ff:ff:ff:ff:ff", "prediction": "flooding", "features": {"deauth": 0, "disassoc": 0, "probe": 3, "beacon": 0, "assoc": 0, "uniq_assoc": 0}}
{"timestamp": "2025-11-11 09:42:59", "bssid": "e4:55:a8:06:07:5f", "prediction": "flooding", "features": {"deauth": 0, "disassoc": 0, "probe": 4, "beacon": 0, "assoc": 0, "uniq_assoc": 0}}
{"timestamp": "2025-11-11 09:42:59", "bssid": "0a:8e:90:22:61:8b", "prediction": "flooding", "features": {"deauth": 0, "disassoc": 0, "probe": 0, "beacon": 6, "assoc": 0, "uniq_assoc": 0}}
{"timestamp": "2025-11-11 09:42:59", "bssid": "e4:55:a8:05:ec:e4", "prediction": "flooding", "features": {"deauth": 1, "disassoc": 0, "probe": 0, "beacon": 0, "assoc": 0, "uniq_assoc": 0}}
{"timestamp": "2025-11-11 09:42:59", "bssid": "e4:55:a8:1a:87:ec", "prediction": "flooding", "features": {"deauth": 0, "disassoc": 0, "probe": 0, "beacon": 5, "assoc": 0, "uniq_assoc": 0}}
{"timestamp": "2025-11-11 09:42:59", "bssid": "e2:55:a8:1a:87:ec", "prediction": "flooding", "features": {"deauth": 0, "disassoc": 0, "probe": 0, "beacon": 5, "assoc": 0, "uniq_assoc": 0}}
{"timestamp": "2025-11-11 09:42:59", "bssid": "ee:55:a8:1a:87:ec", "prediction": "flooding", "features": {"deauth": 0, "disassoc": 0, "probe": 0, "beacon": 5, "assoc": 0, "uniq_assoc": 0}}
{"timestamp": "2025-11-11 09:42:59", "bssid": "da:55:a8:1a:87:ec", "prediction": "flooding", "features": {"deauth": 0, "disassoc": 0, "probe": 0, "beacon": 5, "assoc": 0, "uniq_assoc": 0}}
{"timestamp": "2025-11-11 09:42:59", "bssid": "f4:c8:8a:2a:59:5e", "prediction": "flooding", "features": {"deauth": 0, "disassoc": 0, "probe": 0, "beacon": 0, "assoc": 4, "uniq_assoc": 1}}
{"timestamp": "2025-11-11 09:42:59", "bssid": "b0:e4:5c:e4:cd:1c", "prediction": "flooding", "features": {"deauth": 0, "disassoc": 0, "probe": 0, "beacon": 0, "assoc": 2, "uniq_assoc": 1}}
{"timestamp": "2025-11-11 09:42:59", "bssid": "54:b8:0a:4f:3a:66", "prediction": "flooding", "features": {"deauth": 0, "disassoc": 0, "probe": 0, "beacon": 1, "assoc": 0, "uniq_assoc": 0}}
{"timestamp": "2025-11-11 09:42:59", "bssid": "50:bb:b5:cd:73:10", "prediction": "flooding", "features": {"deauth": 0, "disassoc": 0, "probe": 0, "beacon": 0, "assoc": 2, "uniq_assoc": 1}}
{"timestamp": "2025-11-11 09:42:59", "bssid": "20:0b:74:6b:4e:a9", "prediction": "flooding", "features": {"deauth": 0, "disassoc": 0, "probe": 0, "beacon": 0, "assoc": 1, "uniq_assoc": 1}}
{"timestamp": "2025-11-11 09:42:59", "bssid": "c8:12:0b:a4:92:73", "prediction": "flooding", "features": {"deauth": 0, "disassoc": 0, "probe": 0, "beacon": 0, "assoc": 1, "uniq_assoc": 1}}
{"timestamp": "2025-11-11 09:43:09", "bssid": "0a:8e:90:22:61:8b", "prediction": "flooding", "features": {"deauth": 0, "disassoc": 0, "probe": 0, "beacon": 7, "assoc": 0, "uniq_assoc": 0}}
{"timestamp": "2025-11-11 09:43:09", "bssid": "e4:55:a8:05:ec:e4", "prediction": "flooding", "features": {"deauth": 1, "disassoc": 0, "probe": 2, "beacon": 0, "assoc": 0, "uniq_assoc": 0}}
{"timestamp": "2025-11-11 09:43:09", "bssid": "e4:55:a8:1a:87:ec", "prediction": "flooding", "features": {"deauth": 0, "disassoc": 0, "probe": 0, "beacon": 7, "assoc": 0, "uniq_assoc": 0}}
{"timestamp": "2025-11-11 09:43:09", "bssid": "e2:55:a8:1a:87:ec", "prediction": "flooding", "features": {"deauth": 0, "disassoc": 0, "probe": 0, "beacon": 7, "assoc": 0, "uniq_assoc": 0}}
{"timestamp": "2025-11-11 09:43:09", "bssid": "ee:55:a8:1a:87:ec", "prediction": "flooding", "features": {"deauth": 0, "disassoc": 0, "probe": 0, "beacon": 7, "assoc": 0, "uniq_assoc": 0}}
{"timestamp": "2025-11-11 09:43:09", "bssid": "da:55:a8:1a:87:ec", "prediction": "flooding", "features": {"deauth": 0, "disassoc": 0, "probe": 0, "beacon": 7, "assoc": 0, "uniq_assoc": 0}}
{"timestamp": "2025-11-11 09:43:09", "bssid": "00:00:00:00:00:00", "prediction": "flooding", "features": {"deauth": 101, "disassoc": 0, "probe": 0, "beacon": 0, "assoc": 2, "uniq_assoc": 1}}
{"timestamp": "2025-11-11 09:43:09", "bssid": "e4:55:a8:06:7e:ea", "prediction": "flooding", "features": {"deauth": 0, "disassoc": 0, "probe": 0, "beacon": 5, "assoc": 0, "uniq_assoc": 0}}
{"timestamp": "2025-11-11 09:43:09", "bssid": "ee:55:a8:06:7e:ea", "prediction": "flooding", "features": {"deauth": 0, "disassoc": 0, "probe": 0, "beacon": 6, "assoc": 0, "uniq_assoc": 0}}
{"timestamp": "2025-11-11 09:43:09", "bssid": "da:55:a8:06:7e:ea", "prediction": "flooding", "features": {"deauth": 0, "disassoc": 0, "probe": 0, "beacon": 6, "assoc": 0, "uniq_assoc": 0}}
{"timestamp": "2025-11-11 09:43:09", "bssid": "f0:9e:4a:50:f5:3c", "prediction": "flooding", "features": {"deauth": 0, "disassoc": 0, "probe": 0, "beacon": 0, "assoc": 1, "uniq_assoc": 1}}
{"timestamp": "2025-11-11 09:43:09", "bssid": "b0:e4:5c:e4:cd:1c", "prediction": "flooding", "features": {"deauth": 0, "disassoc": 0, "probe": 0, "beacon": 0, "assoc": 1, "uniq_assoc": 1}}
{"timestamp": "2025-11-11 09:43:09", "bssid": "24:b2:b9:1a:04:d3", "prediction": "flooding", "features": {"deauth": 0, "disassoc": 0, "probe": 0, "beacon": 0, "assoc": 1, "uniq_assoc": 1}}
{"timestamp": "2025-11-11 09:43:09", "bssid": "e2:55:a8:06:7e:ea", "prediction": "flooding", "features": {"deauth": 0, "disassoc": 0, "probe": 9, "beacon": 4, "assoc": 0, "uniq_assoc": 0}}
{"timestamp": "2025-11-11 09:43:09", "bssid": "14:13:33:8e:7d:ed", "prediction": "flooding", "features": {"deauth": 0, "disassoc": 0, "probe": 0, "beacon": 0, "assoc": 2, "uniq_assoc": 1}}
{"timestamp": "2025-11-11 09:43:09", "bssid": "ac:12:03:2f:2d:5d", "prediction": "flooding", "features": {"deauth": 0, "disassoc": 0, "probe": 0, "beacon": 0, "assoc": 2, "uniq_assoc": 1}}
{"timestamp": "2025-11-11 09:43:10", "bssid": "1c:ce:51:de:32:1b", "prediction": "flooding", "features": {"deauth": 0, "disassoc": 0, "probe": 0, "beacon": 0, "assoc": 2, "uniq_assoc": 1}}
{"timestamp": "2025-11-11 09:43:10", "bssid": "f0:a6:54:28:80:7b", "prediction": "flooding", "features": {"deauth": 0, "disassoc": 0, "probe": 0, "beacon": 0, "assoc": 1, "uniq_assoc": 1}}
{"timestamp": "2025-11-11 09:43:10", "bssid": "08:8e:90:22:6c:35", "prediction": "flooding", "features": {"deauth": 0, "disassoc": 0, "probe": 0, "beacon": 0, "assoc": 4, "uniq_assoc": 1}}
{"timestamp": "2025-11-11 09:43:10", "bssid": "14:d4:24:56:07:3e", "prediction": "flooding", "features": {"deauth": 0, "disassoc": 0, "probe": 0, "beacon": 0, "assoc": 2, "uniq_assoc": 1}}
{"timestamp": "2025-11-11 09:43:10", "bssid": "70:08:94:c3:75:53", "prediction": "flooding", "features": {"deauth": 0, "disassoc": 0, "probe": 0, "beacon": 0, "assoc": 1, "uniq_assoc": 1}}
{"timestamp": "2025-11-11 09:43:10", "bssid": "c0:bf:be:50:e1:d0", "prediction": "flooding", "features": {"deauth": 0, "disassoc": 0, "probe": 0, "beacon": 0, "assoc": 2, "uniq_assoc": 1}}
{"timestamp": "2025-11-11 09:43:10", "bssid": "c8:12:0b:a4:92:73", "prediction": "flooding", "features": {"deauth": 0, "disassoc": 0, "probe": 0, "beacon": 0, "assoc": 2, "uniq_assoc": 1}}
{"timestamp": "2025-11-11 09:43:10", "bssid": "58:02:05:9a:c3:8c", "prediction": "flooding", "features": {"deauth": 0, "disassoc": 0, "probe": 0, "beacon": 0, "assoc": 1, "uniq_assoc": 1}}
{"timestamp": "2025-11-11 09:43:10", "bssid": "e4:55:a8:06:07:5f", "prediction": "flooding", "features": {"deauth": 0, "disassoc": 0, "probe": 3, "beacon": 0, "assoc": 0, "uniq_assoc": 0}}
{"timestamp": "2025-11-11 09:43:10", "bssid": "c8:12:0b:a9:81:8d", "prediction": "flooding", "features": {"deauth": 0, "disassoc": 0, "probe": 0, "beacon": 0, "assoc": 2, "uniq_assoc": 1}}
{"timestamp": "2025-11-11 09:43:10", "bssid": "88:b1:11:69:24:95", "prediction": "flooding", "features": {"deauth": 0, "disassoc": 0, "probe": 0, "beacon": 0, "assoc": 1, "uniq_assoc": 1}}
{"timestamp": "2025-11-11 09:43:10", "bssid": "54:b8:0a:4f:3a:66", "prediction": "flooding", "features": {"deauth": 0, "disassoc": 0, "probe": 0, "beacon": 2, "assoc": 0, "uniq_assoc": 0}}
{"timestamp": "2025-11-11 09:43:10", "bssid": "ff:ff:ff:ff:ff:ff", "prediction": "flooding", "features": {"deauth": 0, "disassoc": 0, "probe": 2, "beacon": 0, "assoc": 0, "uniq_assoc": 0}}
{"timestamp": "2025-11-11 09:43:10", "bssid": "e2:55:a8:1a:77:e4", "prediction": "flooding", "features": {"deauth": 1, "disassoc": 0, "probe": 0, "beacon": 0, "assoc": 0, "uniq_assoc": 0}}
{"timestamp": "2025-11-11 09:43:10", "bssid": "ee:55:a8:1a:85:97", "prediction": "flooding", "features": {"deauth": 0, "disassoc": 0, "probe": 0, "beacon": 1, "assoc": 0, "uniq_assoc": 0}}
{"timestamp": "2025-11-11 09:43:10", "bssid": "da:55:a8:1a:85:97", "prediction": "flooding", "features": {"deauth": 0, "disassoc": 0, "probe": 0, "beacon": 1, "assoc": 0, "uniq_assoc": 0}}
{"timestamp": "2025-11-11 10:31:06", "bssid": "ff:ff:ff:ff:ff:ff", "prediction": "flooding", "features": {"deauth": 0, "disassoc": 0, "probe": 8, "beacon": 0, "assoc": 0, "uniq_assoc": 0}}
{"timestamp": "2025-11-11 10:31:06", "bssid": "00:00:00:00:00:00", "prediction": "flooding", "features": {"deauth": 0, "disassoc": 0, "probe": 0, "beacon": 0, "assoc": 1, "uniq_assoc": 1}}
{"timestamp": "2025-11-11 10:31:24", "bssid": "ff:ff:ff:ff:ff:ff", "prediction": "flooding", "features": {"deauth": 0, "disassoc": 0, "probe": 8, "beacon": 0, "assoc": 0, "uniq_assoc": 0}}
{"timestamp": "2025-11-11 11:12:55", "bssid": "d6:b5:77:9c:47:fd", "prediction": "flooding", "features": {"deauth": 0, "disassoc": 0, "probe": 0, "beacon": 3, "assoc": 0, "uniq_assoc": 0}}
{"timestamp": "2025-11-11 11:12:55", "bssid": "00:00:00:00:00:00", "prediction": "flooding", "features": {"deauth": 1, "disassoc": 0, "probe": 0, "beacon": 0, "assoc": 1, "uniq_assoc": 1}}
{"timestamp": "2025-11-11 11:12:55", "bssid": "ff:ff:ff:ff:ff:ff", "prediction": "flooding", "features": {"deauth": 0, "disassoc": 0, "probe": 8, "beacon": 0, "assoc": 0, "uniq_assoc": 0}}
{"timestamp": "2025-11-11 11:13:05", "bssid": "ff:ff:ff:ff:ff:ff", "prediction": "flooding", "features": {"deauth": 0, "disassoc": 0, "probe": 2, "beacon": 0, "assoc": 0, "uniq_assoc": 0}}
{"timestamp": "2025-11-11 11:13:05", "bssid": "00:00:00:00:00:00", "prediction": "flooding", "features": {"deauth": 2, "disassoc": 0, "probe": 0, "beacon": 0, "assoc": 0, "uniq_assoc": 0}}
{"timestamp": "2025-11-11 11:13:17", "bssid": "ff:ff:ff:ff:ff:ff", "prediction": "flooding", "features": {"deauth": 0, "disassoc": 0, "probe": 1, "beacon": 0, "assoc": 0, "uniq_assoc": 0}}
{"timestamp": "2025-11-11 11:13:17", "bssid": "00:00:00:00:00:00", "prediction": "flooding", "features": {"deauth": 1, "disassoc": 0, "probe": 0, "beacon": 0, "assoc": 0, "uniq_assoc": 0}}
{"timestamp": "2025-11-11 11:13:27", "bssid": "ff:ff:ff:ff:ff:ff", "prediction": "flooding", "features": {"deauth": 0, "disassoc": 0, "probe": 5, "beacon": 0, "assoc": 0, "uniq_assoc": 0}}
{"timestamp": "2025-11-11 11:13:27", "bssid": "00:00:00:00:00:00", "prediction": "flooding", "features": {"deauth": 1, "disassoc": 0, "probe": 0, "beacon": 0, "assoc": 0, "uniq_assoc": 0}}
{"timestamp": "2025-11-11 11:13:42", "bssid": "00:00:00:00:00:00", "prediction": "flooding", "features": {"deauth": 1, "disassoc": 0, "probe": 0, "beacon": 0, "assoc": 0, "uniq_assoc": 0}}
{"timestamp": "2025-11-11 11:13:42", "bssid": "ff:ff:ff:ff:ff:ff", "prediction": "flooding", "features": {"deauth": 0, "disassoc": 0, "probe": 1, "beacon": 0, "assoc": 0, "uniq_assoc": 0}}
{"timestamp": "2025-11-11 11:13:54", "bssid": "ff:ff:ff:ff:ff:ff", "prediction": "flooding", "features": {"deauth": 0, "disassoc": 0, "probe": 6, "beacon": 0, "assoc": 0, "uniq_assoc": 0}}
{"timestamp": "2025-11-11 11:13:54", "bssid": "00:00:00:00:00:00", "prediction": "flooding", "features": {"deauth": 1, "disassoc": 0, "probe": 0, "beacon": 0, "assoc": 0, "uniq_assoc": 0}}
{"timestamp": "2025-11-11 11:14:05", "bssid": "00:00:00:00:00:00", "prediction": "flooding", "features": {"deauth": 3, "disassoc": 0, "probe": 0, "beacon": 0, "assoc": 1, "uniq_assoc": 1}}
{"timestamp": "2025-11-11 11:14:05", "bssid": "d6:b5:77:9c:47:fd", "prediction": "flooding", "features": {"deauth": 0, "disassoc": 0, "probe": 0, "beacon": 15, "assoc": 0, "uniq_assoc": 0}}
{"timestamp": "2025-11-11 11:14:05", "bssid": "ff:ff:ff:ff:ff:ff", "prediction": "flooding", "features": {"deauth": 0, "disassoc": 0, "probe": 4, "beacon": 0, "assoc": 0, "uniq_assoc": 0}}
{"timestamp": "2025-11-11 11:14:16", "bssid": "d6:b5:77:9c:47:fd", "prediction": "flooding", "features": {"deauth": 0, "disassoc": 0, "probe": 0, "beacon": 13, "assoc": 0, "uniq_assoc": 0}}
{"timestamp": "2025-11-11 11:14:16", "bssid": "00:00:00:00:00:00", "prediction": "flooding", "features": {"deauth": 2, "disassoc": 0, "probe": 0, "beacon": 0, "assoc": 0, "uniq_assoc": 0}}
{"timestamp": "2025-11-11 11:14:27", "bssid": "d6:b5:77:9c:47:fd", "prediction": "flooding", "features": {"deauth": 0, "disassoc": 0, "probe": 0, "beacon": 9, "assoc": 0, "uniq_assoc": 0}}
{"timestamp": "2025-11-11 11:14:27", "bssid": "00:00:00:00:00:00", "prediction": "flooding", "features": {"deauth": 5, "disassoc": 0, "probe": 0, "beacon": 0, "assoc": 0, "uniq_assoc": 0}}
{"timestamp": "2025-11-11 11:14:27", "bssid": "ff:ff:ff:ff:ff:ff", "prediction": "flooding", "features": {"deauth": 0, "disassoc": 0, "probe": 4, "beacon": 0, "assoc": 0, "uniq_assoc": 0}}
{"timestamp": "2025-11-11 11:14:27", "bssid": "7a:0d:cd:55:22:d7", "prediction": "flooding", "features": {"deauth": 0, "disassoc": 0, "probe": 0, "beacon": 0, "assoc": 1, "uniq_assoc": 1}}
{"timestamp": "2025-11-11 11:14:39", "bssid": "00:00:00:00:00:00", "prediction": "flooding", "features": {"deauth": 3, "disassoc": 0, "probe": 0, "beacon": 0, "assoc": 0, "uniq_assoc": 0}}
{"timestamp": "2025-11-11 11:14:39", "bssid": "d6:b5:77:9c:47:fd", "prediction": "flooding", "features": {"deauth": 0, "disassoc": 0, "probe": 0, "beacon": 1, "assoc": 0, "uniq_assoc": 0}}
{"timestamp": "2025-11-11 11:14:51", "bssid": "d6:b5:77:9c:47:fd", "prediction": "flooding", "features": {"deauth": 0, "disassoc": 0, "probe": 0, "beacon": 7, "assoc": 0, "uniq_assoc": 0}}
{"timestamp": "2025-11-11 11:14:51", "bssid": "ff:ff:ff:ff:ff:ff", "prediction": "flooding", "features": {"deauth": 0, "disassoc": 0, "probe": 6, "beacon": 0, "assoc": 0, "uniq_assoc": 0}}
